mode: atomic
github.com/pythonik/golang-commons/collections/bimap.go:8.47,13.2 1 1
github.com/pythonik/golang-commons/collections/bimap.go:15.43,16.41 1 3
github.com/pythonik/golang-commons/collections/bimap.go:16.41,18.3 1 0
github.com/pythonik/golang-commons/collections/bimap.go:19.2,19.43 1 3
github.com/pythonik/golang-commons/collections/bimap.go:19.43,21.3 1 0
github.com/pythonik/golang-commons/collections/bimap.go:22.2,23.27 2 3
github.com/pythonik/golang-commons/collections/bimap.go:26.49,29.2 2 3
github.com/pythonik/golang-commons/collections/bimap.go:31.53,34.2 2 3
github.com/pythonik/golang-commons/collections/immlist.go:8.58,12.2 3 2
github.com/pythonik/golang-commons/collections/immlist.go:14.43,18.2 3 2
github.com/pythonik/golang-commons/collections/immlist.go:20.58,21.34 1 1
github.com/pythonik/golang-commons/collections/immlist.go:21.34,23.3 1 0
github.com/pythonik/golang-commons/collections/immlist.go:24.2,24.33 1 1
github.com/pythonik/golang-commons/collections/immlist.go:27.39,29.2 1 0
github.com/pythonik/golang-commons/collections/set.go:8.37,10.2 1 0
github.com/pythonik/golang-commons/collections/set.go:13.33,15.2 1 0
github.com/pythonik/golang-commons/collections/set.go:18.36,20.2 1 0
github.com/pythonik/golang-commons/collections/set.go:23.43,26.2 2 0
github.com/pythonik/golang-commons/collections/set.go:29.29,31.2 1 0
github.com/pythonik/golang-commons/collections/set.go:34.33,36.30 2 0
github.com/pythonik/golang-commons/collections/set.go:36.30,38.3 1 0
github.com/pythonik/golang-commons/collections/set.go:39.2,39.13 1 0
github.com/pythonik/golang-commons/collections/stack.go:9.34,11.2 1 0
github.com/pythonik/golang-commons/collections/stack.go:13.34,15.2 1 0
github.com/pythonik/golang-commons/collections/stack.go:17.37,18.26 1 0
github.com/pythonik/golang-commons/collections/stack.go:18.26,21.3 2 0
github.com/pythonik/golang-commons/collections/stack.go:22.2,24.19 3 0
github.com/pythonik/golang-commons/collections/stack.go:27.35,29.2 1 0
github.com/pythonik/golang-commons/collections/stack.go:31.31,33.2 1 0
github.com/pythonik/golang-commons/arrayutils/contains.go:3.56,4.29 1 3
github.com/pythonik/golang-commons/arrayutils/contains.go:4.29,5.22 1 8
github.com/pythonik/golang-commons/arrayutils/contains.go:5.22,7.4 1 1
github.com/pythonik/golang-commons/arrayutils/contains.go:9.2,9.14 1 2
github.com/pythonik/golang-commons/arrayutils/is_empty.go:3.33,4.14 1 3
github.com/pythonik/golang-commons/arrayutils/is_empty.go:4.14,6.3 1 1
github.com/pythonik/golang-commons/arrayutils/is_empty.go:7.2,7.20 1 2
github.com/pythonik/golang-commons/arrayutils/is_empty.go:10.36,12.2 1 0
github.com/pythonik/golang-commons/arrayutils/reverse.go:5.28,7.19 2 2
github.com/pythonik/golang-commons/arrayutils/reverse.go:7.19,11.3 3 2
github.com/pythonik/golang-commons/arrayutils/reverse.go:12.2,12.16 1 2
